<?xml version="1.0" encoding="UTF-8"?>
<!-- Generated by org.testng.reporters.JUnitReportReporter -->
<testsuite hostname="DESKTOP-O295AK1" failures="0" tests="1" name="VenkateshAcademy.SeleniumFrameWorkFromScratch.PracticeStreamUsingWebTables" time="14.277" errors="0" timestamp="2022-11-29T11:16:18 IST" skipped="0">
  <testcase classname="VenkateshAcademy.SeleniumFrameWorkFromScratch.PracticeStreamUsingWebTables" name="WebTablesStream" time="14.277"/>
  <system-out/>
</testsuite> <!-- VenkateshAcademy.SeleniumFrameWorkFromScratch.PracticeStreamUsingWebTables -->
