<?xml version="1.0" encoding="UTF-8"?>
<!-- Generated by org.testng.reporters.JUnitReportReporter -->
<testsuite hostname="DESKTOP-O295AK1" failures="0" tests="1" name="VenkateshAcademy.SeleniumFrameWorkFromScratch.StreamPractice" time="0.027" errors="0" timestamp="2022-11-28T11:07:14 IST" skipped="0">
  <testcase classname="VenkateshAcademy.SeleniumFrameWorkFromScratch.StreamPractice" name="streams" time="0.027"/>
  <system-out/>
</testsuite> <!-- VenkateshAcademy.SeleniumFrameWorkFromScratch.StreamPractice -->
