<?xml version="1.0" encoding="UTF-8"?>
<!-- Generated by org.testng.reporters.JUnitReportReporter -->
<testsuite hostname="DESKTOP-O295AK1" failures="0" tests="1" name="VenkateshAcademy.Tests.SubmitOrder" time="25.362" errors="0" timestamp="2022-12-04T09:59:58 IST" skipped="0">
  <testcase classname="VenkateshAcademy.Tests.SubmitOrder" name="submitorder" time="25.362"/>
  <system-out/>
</testsuite> <!-- VenkateshAcademy.Tests.SubmitOrder -->
