<?xml version="1.0" encoding="UTF-8"?>
<!-- Generated by org.testng.reporters.JUnitReportReporter -->
<testsuite hostname="DESKTOP-O295AK1" failures="0" tests="2" name="VenkateshAcademy.Tests.SubmitOrderTest" time="32.102" errors="0" timestamp="2022-12-05T21:22:37 IST" skipped="0">
  <testcase classname="VenkateshAcademy.Tests.SubmitOrderTest" name="submitorder" time="19.803"/>
  <system-out/>
  <testcase classname="VenkateshAcademy.Tests.SubmitOrderTest" name="OrderHistory" time="12.299"/>
  <system-out/>
</testsuite> <!-- VenkateshAcademy.Tests.SubmitOrderTest -->
