<?xml version="1.0" encoding="UTF-8"?>
<!-- Generated by org.testng.reporters.JUnitReportReporter -->
<testsuite hostname="DESKTOP-O295AK1" failures="0" tests="2" name="VenkateshAcademy.Tests.SubmitOrderTest" time="72.258" errors="0" timestamp="2022-12-08T19:51:47 IST" skipped="0">
  <testcase classname="VenkateshAcademy.Tests.SubmitOrderTest" name="OrderHistory" time="30.985"/>
  <system-out/>
  <testcase classname="VenkateshAcademy.Tests.SubmitOrderTest" name="submitorder" time="41.273"/>
  <system-out/>
</testsuite> <!-- VenkateshAcademy.Tests.SubmitOrderTest -->
